<?xml version="1.0" encoding="UTF-8"?>
<!-- Generated by org.testng.reporters.JUnitReportReporter -->
<testsuite hostname="DESKTOP-6DKMVGB" failures="0" tests="1" name="com.orangeHRM.uniittest.demoexcel" time="0.021" errors="0" timestamp="2022-07-19T08:21:53 IST" skipped="0">
  <testcase classname="com.orangeHRM.uniittest.demoexcel" name="login" time="0.021"/>
  <system-out/>
</testsuite> <!-- com.orangeHRM.uniittest.demoexcel -->
