<?xml version="1.0" encoding="UTF-8"?>
<!-- Generated by org.testng.reporters.JUnitReportReporter -->
<testsuite hostname="DESKTOP-6DKMVGB" failures="0" tests="2" name="com.orangeHRM.Factories.excelDataProvider" time="1.015" errors="0" timestamp="2022-07-19T08:01:58 IST" skipped="0">
  <testcase classname="com.orangeHRM.Factories.excelDataProvider" name="read" time="0.006"/>
  <system-out/>
  <testcase classname="com.orangeHRM.Factories.excelDataProvider" name="excelDataProvider1" time="1.009"/>
  <system-out/>
</testsuite> <!-- com.orangeHRM.Factories.excelDataProvider -->
