<?xml version="1.0" encoding="UTF-8"?>
<!-- Generated by org.testng.reporters.JUnitReportReporter -->
<testsuite hostname="DESKTOP-6DKMVGB" failures="0" tests="1" name="com.orangeHRM.Testcases.Logintest" time="11.008" errors="0" timestamp="2022-07-19T18:26:11 IST" skipped="0">
  <testcase classname="com.orangeHRM.Testcases.Logintest" name="test" time="11.008"/>
  <system-out/>
</testsuite> <!-- com.orangeHRM.Testcases.Logintest -->
